2022-09-17 10:28:00.203657  Load Index
2022-09-17 10:50:17.000052  Load Index
2022-09-17 10:50:56.633592  Load Index
2022-09-17 10:51:34.802096  Load Index
2022-09-17 10:51:53.094188  Load Index
2022-09-17 10:52:08.609844  Load Index
2022-09-17 10:52:35.085680  Load Index
2022-09-17 11:36:20.995562  Load Index
2022-09-17 11:36:36.130544  Load Index
2022-09-17 11:37:50.236033  Load Index
2022-09-17 11:38:31.266854  Load Index
2022-09-17 11:40:28.842931  Load Index
2022-09-17 11:40:48.206482  Load Index
2022-09-17 11:54:02.675717  Load Index
2022-09-17 11:55:35.157693  Load Index
2022-09-17 12:07:45.850929  Load Index
2022-09-17 12:09:34.023946  Load Index
2022-09-17 12:11:19.348468  Load Index
2022-09-17 12:11:40.900237  Load Index
2022-09-17 12:11:44.668140  Load Index
2022-09-17 12:12:44.366111  Load Index
2022-09-17 12:22:33.721378  Load Index
2022-09-17 12:22:35.028418  Load Index : GET
2022-09-17 12:23:00.133696  Load Index : GET
2022-09-17 12:23:17.649993  Load Index : GET
2022-09-17 12:23:48.720467  Load Index : GET
2022-09-17 12:24:01.957150  Load Index : POST
2022-09-17 12:25:04.965857  Load Index : GET
2022-09-17 12:25:09.435172  Load Index : POST
2022-09-17 12:41:26.702922  Load Index
2022-09-17 14:04:42.550098  Load Index
2022-09-17 14:04:44.610887  Load Index : GET
2022-09-17 14:04:48.219097  Load Index : POST
2022-09-17 14:05:41.266179  Load Index
2022-09-17 14:07:26.395347  Load Index
2022-09-17 14:07:27.481098  Load Index
2022-09-17 14:07:36.608304  Load Index
2022-09-17 14:07:37.602961  Load Index : GET
2022-09-17 14:07:39.793907  Load Index : POST
2022-09-17 14:07:46.269866  Load Index : GET
2022-09-17 14:07:49.271734  Load Index : POST
2022-09-17 14:08:30.712588  Load Index
2022-09-17 14:08:53.519809  Load Index
2022-09-17 14:09:29.929115  Load Index
2022-09-17 14:32:38.188079  Load Index
2022-09-17 14:33:25.543320  Load Index
2022-09-17 14:33:38.152584  Load Index
2022-09-17 14:34:30.543113  Load Index
2022-09-17 14:34:31.151237  Load Index
2022-09-17 14:34:40.595977  Список категорий
2022-09-17 14:34:43.482794  Load Index
2022-09-17 14:34:45.120224  Создание категории : GET
2022-09-17 14:34:47.237150  Создание категории : POST
2022-09-17 14:34:49.093132  Список категорий
2022-09-17 14:34:53.307456  Load Index
2022-09-17 14:35:25.125313  Load Index
2022-09-17 14:35:46.521714  Load Index
2022-09-17 14:35:47.394388  Load Index
2022-09-17 14:35:55.455350  Load Index
2022-09-17 14:35:56.299778  Load Index
2022-09-17 14:37:31.229384  Load Index
2022-09-17 14:37:33.332078  Список категорий
2022-09-17 14:38:06.085861  Список категорий
2022-09-17 14:38:06.731010  Список категорий
2022-09-17 14:38:07.640180  Список категорий
2022-09-17 14:38:28.657786  Список категорий
2022-09-17 14:38:29.441158  Список категорий
2022-09-17 14:38:31.113592  Список категорий
2022-09-17 14:38:40.985272  Список категорий
2022-09-17 14:38:43.180786  Load Index
2022-09-17 14:38:44.128145  Список категорий
2022-09-17 14:38:53.193663  Load Index
2022-09-17 14:38:53.800244  Список категорий
2022-09-17 14:39:07.871427  Load Index
2022-09-17 14:39:08.392288  Список категорий
2022-09-17 14:39:11.810603  Load Index
2022-09-17 14:49:11.720738  Список категорий
2022-09-17 14:49:13.729633  Список категорий
2022-09-17 14:54:55.778278  Список категорий
2022-09-17 14:54:57.326521  Список категорий
2022-09-17 14:55:04.355505  Список категорий
2022-09-17 15:02:51.389784  Load Index
2022-09-17 15:02:53.200385  Создание категории : GET
2022-09-17 15:02:55.565009  Создание категории : POST
2022-09-17 15:02:58.382297  Список курсов
2022-09-17 15:03:57.927141  Список курсов
2022-09-17 15:03:58.936607  Список курсов
2022-09-17 15:04:44.332385  Список курсов
2022-09-17 15:04:46.732373  Список курсов
2022-09-17 15:05:06.349451  Список курсов
2022-09-17 15:05:39.803635  Список курсов
2022-09-17 15:07:07.540469  Список курсов
2022-09-17 15:07:11.864092  Список курсов
2022-09-17 15:07:54.362860  Список курсов
2022-09-17 15:08:06.290906  Список категорий
2022-09-17 15:08:12.768529  Список курсов
2022-09-17 15:08:23.340451  Load Index
2022-09-17 15:08:25.128323  Load Index
2022-09-17 15:08:25.989558  Создание категории : GET
2022-09-17 15:08:28.141358  Создание категории : POST
2022-09-17 15:08:29.051790  Load Index
2022-09-17 15:08:30.645606  Список курсов
2022-09-17 15:17:29.711992  Список курсов
2022-09-17 15:21:50.528215  Load Index
2022-09-17 15:21:51.745776  Создание категории : GET
2022-09-17 15:21:59.809160  Создание категории : POST
2022-09-17 15:22:03.987816  Список курсов
2022-09-17 15:24:22.941715  Список курсов
2022-09-17 15:24:48.647822  Список курсов
2022-09-17 15:59:46.102160  Список курсов
2022-09-17 15:59:46.571629  Список курсов
2022-09-17 15:59:46.760209  Список курсов
2022-09-17 15:59:47.492211  Список категорий
2022-09-17 15:59:48.531963  Load Index
2022-09-17 15:59:50.680785  Load Index
2022-09-17 15:59:53.081919  Создание категории : GET
2022-09-17 15:59:56.643821  Список курсов
2022-09-17 16:03:12.958563  Создание курса : GET
2022-09-17 16:04:38.003352  Список курсов
2022-09-17 16:04:41.905828  Load Index
2022-09-17 16:04:42.114185  Load Index
2022-09-17 16:04:43.082667  Создание категории : GET
2022-09-17 16:04:51.416204  Создание категории : POST
2022-09-17 16:04:54.493621  Список курсов
2022-09-17 16:05:06.107108  Создание курса : GET
2022-09-17 16:05:14.542820  Создание курса : GET
2022-09-17 16:05:21.977615  Создание курса : GET
2022-09-17 16:06:05.096271  Создание курса : GET
2022-09-17 16:06:06.313555  Создание курса : GET
2022-09-17 16:06:10.804912  Load Index
2022-09-17 16:06:12.582741  Создание категории : GET
2022-09-17 16:06:16.933043  Создание категории : POST
2022-09-17 16:06:18.815754  Список курсов
2022-09-17 16:06:23.449200  Load Index
2022-09-17 16:06:24.267694  Список категорий
2022-09-17 16:06:26.349789  Load Index
2022-09-17 16:06:28.418345  Создание категории : GET
2022-09-17 16:06:29.866429  Load Index
2022-09-17 16:06:31.015259  Список курсов
2022-09-17 16:06:32.296892  Создание курса : GET
2022-09-17 16:08:31.808044  Load Index
2022-09-17 16:08:32.739173  Создание категории : GET
2022-09-17 16:08:35.962385  Создание категории : POST
2022-09-17 16:08:36.900211  Создание категории : GET
2022-09-17 16:08:48.860502  Load Index
2022-09-17 16:08:51.235974  Создание категории : GET
2022-09-17 16:08:52.957738  Load Index
2022-09-17 16:08:55.310936  Список курсов
2022-09-17 16:08:59.156538  Создание курса : GET
2022-09-17 16:09:59.878839  Load Index
2022-09-17 16:10:00.716694  Создание категории : GET
2022-09-17 16:10:03.279453  Создание категории : POST
2022-09-17 16:10:04.529584  Список курсов
2022-09-17 16:10:05.692429  Создание курса : GET
2022-09-17 16:10:14.061015  Создание курса : GET
2022-09-17 16:10:39.370109  Load Index
2022-09-17 16:10:40.377627  Создание категории : GET
2022-09-17 16:10:43.273655  Создание категории : POST
2022-09-17 16:10:44.558263  Список курсов
2022-09-17 16:10:46.190517  Создание курса : GET
2022-09-17 16:10:49.597528  Создание курса : GET
2022-09-17 16:11:59.130024  Создание курса : GET
2022-09-17 16:12:10.035869  Создание курса : GET
2022-09-17 16:12:13.735603  Список курсов
2022-09-17 16:12:15.077656  Создание курса : GET
2022-09-17 16:12:33.530920  Создание курса : GET
2022-09-17 16:12:36.010765  Список курсов
2022-09-17 16:12:37.459599  Создание курса : GET
2022-09-17 16:12:38.259333  Load Index
2022-09-17 16:12:39.534966  Создание категории : GET
2022-09-17 16:12:42.243614  Load Index
2022-09-17 16:12:54.852644  Создание категории : GET
2022-09-17 16:12:57.323847  Load Index
2022-09-17 16:12:58.602253  Создание категории : GET
2022-09-17 16:13:04.446760  Load Index
2022-09-17 16:13:05.832548  Список курсов
2022-09-17 16:13:06.944242  Создание курса : GET
2022-09-17 16:13:08.021952  Список курсов
2022-09-17 16:13:33.135758  Load Index
2022-09-17 16:13:34.418856  Создание категории : GET
2022-09-17 16:13:35.373816  Load Index
2022-09-17 16:13:37.798849  Список курсов
2022-09-17 16:13:42.496371  Load Index
2022-09-17 16:13:43.893957  Создание категории : GET
2022-09-17 16:13:46.598393  Load Index
2022-09-17 16:13:47.701006  Список курсов
2022-09-17 16:13:48.885161  Создание курса : GET
2022-09-17 16:13:51.493065  Создание курса : GET
2022-09-17 16:22:50.784244  Load Index
2022-09-17 16:22:52.656372  Создание категории : GET
2022-09-17 16:22:59.318870  Создание категории : POST
2022-09-17 16:23:02.621485  Список курсов
2022-09-17 16:23:06.045841  Список курсов
2022-09-17 16:23:11.969159  Создание курса : GET
2022-09-17 16:23:17.705124  Создание курса : GET
2022-09-17 16:25:10.268830  Создание курса : GET
2022-09-17 16:43:07.877628  Load Index
2022-09-17 16:43:08.913822  Создание категории : GET
2022-09-17 16:43:11.496637  Создание категории : POST
2022-09-17 16:43:12.642025  Список курсов
2022-09-17 16:43:14.326723  Создание курса : GET
2022-09-17 16:43:21.964315  Создание курса : POST
2022-09-17 16:47:36.656562  Создание курса : GET
2022-09-17 16:47:38.047205  Load Index
2022-09-17 16:47:39.735952  Список курсов
2022-09-17 16:47:49.271530  Список курсов
2022-09-17 16:47:54.408977  Load Index
2022-09-17 16:47:55.606900  Создание категории : GET
2022-09-17 16:47:59.008308  Создание категории : POST
2022-09-17 16:48:00.459538  Список курсов
2022-09-17 16:48:01.529457  Создание курса : GET
2022-09-17 16:48:08.079600  Создание курса : POST
2022-09-17 16:48:15.923125  Создание курса : GET
2022-09-17 16:48:18.419861  Список категорий
2022-09-17 16:48:19.218839  Load Index
2022-09-17 16:48:21.061191  Список курсов
2022-09-17 16:48:26.024576  Список курсов
2022-09-17 16:53:07.817031  Load Index
2022-09-17 16:53:09.362093  Создание категории : GET
2022-09-17 16:53:14.969165  Создание категории : POST
2022-09-17 16:53:16.199939  Список курсов
2022-09-17 16:53:17.480032  Создание курса : GET
2022-09-17 16:53:21.877929  Создание курса : POST
2022-09-17 16:53:23.297950  Load Index
2022-09-17 16:53:25.156690  Список курсов
2022-09-17 16:54:32.763316  Список курсов
2022-09-17 16:54:39.072938  Создание курса : GET
2022-09-17 16:54:41.631016  Создание курса : POST
2022-09-17 16:55:33.786092  Load Index
2022-09-17 16:55:34.818543  Создание категории : GET
2022-09-17 16:55:37.489975  Создание категории : POST
2022-09-17 16:55:38.624039  Список курсов
2022-09-17 16:55:39.935059  Создание курса : GET
2022-09-17 16:55:42.539429  Создание курса : POST
2022-09-17 16:55:45.254667  Создание курса : GET
2022-09-17 16:55:48.123673  Создание курса : POST
2022-09-17 16:56:36.821742  Load Index
2022-09-17 16:56:37.852586  Создание категории : GET
2022-09-17 16:56:40.161134  Создание категории : POST
2022-09-17 16:56:40.946139  Создание категории : GET
2022-09-17 16:56:42.829772  Создание категории : POST
2022-09-17 16:56:47.156737  Список курсов
2022-09-17 16:56:48.201674  Создание курса : GET
2022-09-17 16:56:49.931292  Load Index
2022-09-17 16:56:52.124766  Список курсов
2022-09-17 16:56:53.112767  Создание курса : GET
2022-09-17 16:56:56.568906  Создание курса : POST
2022-09-17 16:56:59.822554  Создание курса : GET
2022-09-17 16:57:02.788938  Создание курса : POST
2022-09-17 16:59:09.266621  Load Index
2022-09-17 16:59:10.259551  Создание категории : GET
2022-09-17 16:59:13.339973  Создание категории : POST
2022-09-17 16:59:15.368638  Список курсов
2022-09-17 16:59:16.342283  Создание курса : GET
2022-09-17 16:59:18.570494  Создание курса : POST
2022-09-17 16:59:21.002157  Создание курса : GET
2022-09-17 16:59:22.987516  Создание курса : POST
2022-09-17 17:06:45.065940  Load Index
2022-09-17 17:06:47.062767  Список курсов
2022-09-17 17:06:51.828927  Load Index
2022-09-17 17:06:52.970497  Создание категории : GET
2022-09-17 17:06:56.981014  Создание категории : POST
2022-09-17 17:06:58.637567  Список курсов
2022-09-17 17:06:59.605677  Создание курса : GET
2022-09-17 17:07:03.183324  Создание курса : POST
2022-09-17 17:07:12.255533  Load Index
2022-09-17 17:07:16.914661  Список курсов
2022-09-17 17:07:31.966270  Load Index
2022-09-17 17:07:35.010954  Список курсов
2022-09-17 17:13:14.594283  Load Index
2022-09-17 17:13:15.908336  Создание категории : GET
2022-09-17 17:13:18.478895  Создание категории : POST
2022-09-17 17:13:19.666654  Список курсов
2022-09-17 17:13:20.964871  Создание курса : GET
2022-09-17 17:13:24.087605  Создание курса : POST
2022-09-17 17:13:29.041383  Создание курса : GET
2022-09-17 17:13:32.355808  Создание курса : POST
2022-09-17 17:13:36.429194  Load Index
2022-09-17 17:13:38.152772  Список курсов
2022-09-17 17:13:58.461140  Load Index
2022-09-17 17:14:00.735831  Создание категории : GET
2022-09-17 17:14:08.035955  Создание категории : POST
2022-09-17 17:14:09.840499  Список курсов
2022-09-17 17:14:11.370777  Создание курса : GET
2022-09-17 17:14:18.356323  Создание курса : POST
2022-09-17 17:14:26.672278  Load Index
2022-09-17 17:14:28.899647  Список курсов
2022-09-17 17:15:49.877313  Список курсов
2022-09-17 17:15:55.923260  Load Index
2022-09-17 17:15:57.684267  Список курсов
2022-09-17 17:16:01.094444  Load Index
2022-09-17 17:16:03.375966  Список курсов
2022-09-17 17:24:43.850244  Load Index
2022-09-17 17:24:44.668961  Создание категории : GET
2022-09-17 17:24:46.911274  Создание категории : POST
2022-09-17 17:24:48.021415  Список курсов
2022-09-17 17:24:49.355657  Создание курса : GET
2022-09-17 17:24:52.147232  Создание курса : POST
2022-09-17 17:24:54.011972  Создание курса : GET
2022-09-17 17:24:56.960802  Создание курса : POST
2022-09-17 17:24:59.819668  Load Index
2022-09-17 17:25:01.127810  Список курсов
2022-09-17 17:25:04.149212  Load Index
2022-09-17 17:25:05.233941  Создание категории : GET
2022-09-17 17:25:08.183868  Создание категории : POST
2022-09-17 17:25:09.843074  Список курсов
2022-09-17 17:25:11.042247  Создание курса : GET
2022-09-17 17:25:17.689073  Создание курса : POST
2022-09-17 17:25:19.175773  Load Index
2022-09-17 17:25:20.647452  Список курсов
2022-09-17 17:25:25.215815  Load Index
2022-09-17 17:25:26.294343  Список курсов
2022-09-17 17:25:37.478218  Load Index
2022-09-17 17:25:38.713863  Список курсов
2022-09-17 17:25:42.557487  Load Index
2022-09-17 17:26:21.438336  Load Index
2022-09-17 17:26:26.858306  Создание категории : GET
2022-09-17 17:26:29.708447  Создание категории : POST
2022-09-17 17:26:30.803086  Создание категории : GET
2022-09-17 17:26:32.987747  Создание категории : POST
2022-09-17 17:26:34.137048  Список курсов
2022-09-17 17:26:35.547021  Создание курса : GET
2022-09-17 17:26:38.045087  Создание курса : POST
2022-09-17 17:26:39.407328  Load Index
2022-09-17 17:26:40.344792  Список курсов
2022-09-17 17:26:41.316022  Создание курса : GET
2022-09-17 17:26:44.298135  Создание курса : POST
2022-09-17 17:26:45.751694  Создание курса : GET
2022-09-17 17:26:47.898636  Создание курса : POST
2022-09-17 17:26:51.581401  Load Index
2022-09-17 17:26:53.301171  Список курсов
2022-09-17 17:26:57.793357  Load Index
2022-09-17 17:27:00.839848  Список курсов
2022-09-17 17:27:13.927153  Load Index
2022-09-17 17:31:03.552419  Load Index
2022-09-17 17:31:04.502763  Создание категории : GET
2022-09-17 17:31:06.791255  Создание категории : POST
2022-09-17 17:31:07.952214  Список курсов
2022-09-17 17:31:09.035353  Создание курса : GET
2022-09-17 17:31:11.708125  Создание курса : POST
2022-09-17 17:31:16.271957  Load Index
2022-09-17 17:31:17.344392  Создание категории : GET
2022-09-17 17:31:19.790501  Создание категории : POST
2022-09-17 17:31:23.082585  Список курсов
2022-09-17 17:31:24.357980  Создание курса : GET
2022-09-17 17:31:27.261245  Создание курса : POST
2022-09-17 17:31:28.382872  Load Index
2022-09-17 17:31:29.419266  Список курсов
2022-09-17 17:31:30.563635  Load Index
2022-09-17 17:31:31.649852  Список курсов
2022-09-17 17:31:32.987106  Load Index
2022-09-17 17:31:34.687955  Список курсов
2022-09-17 17:31:45.939623  Load Index
2022-09-17 17:31:50.996179  Список курсов
2022-09-17 17:31:55.146944  Load Index
2022-09-17 17:31:56.229163  Список курсов
2022-09-17 17:31:58.731170  Load Index
2022-09-17 17:32:23.063911  Load Index
2022-09-17 17:38:40.984457  Load Index
2022-09-17 17:38:41.869009  Создание категории : GET
2022-09-17 17:38:44.706982  Создание категории : POST
2022-09-17 17:38:46.056421  Список курсов
2022-09-17 17:38:47.762356  Создание курса : GET
2022-09-17 17:38:50.449624  Создание курса : POST
2022-09-17 17:38:52.854914  Load Index
2022-09-17 17:39:52.557484  Load Index
2022-09-17 17:39:55.331646  Создание категории : GET
2022-09-17 17:39:58.000124  Создание категории : POST
2022-09-17 17:40:05.650473  Список курсов
2022-09-17 17:40:06.694170  Создание курса : GET
2022-09-17 17:40:09.890379  Создание курса : POST
2022-09-17 17:40:11.146387  Load Index
2022-09-17 17:40:13.562885  Список курсов
2022-09-17 17:40:15.213991  Создание курса : GET
2022-09-17 17:40:19.033641  Создание курса : POST
2022-09-17 17:40:20.419580  Load Index
2022-09-17 17:40:22.197732  Список курсов
2022-09-17 17:40:23.635365  Load Index
2022-09-17 17:40:24.539531  Список курсов
2022-09-17 17:40:25.589317  Load Index
2022-09-17 17:46:44.440858  Load Index
2022-09-17 17:46:46.104696  Список курсов
2022-09-17 17:46:46.895807  Список курсов
2022-09-17 17:46:56.195810  Load Index
2022-09-17 17:46:58.295579  Список курсов
2022-09-17 17:47:09.394660  Список категорий
2022-09-17 17:47:10.274344  Load Index
2022-09-17 17:47:12.458556  Список курсов
2022-09-17 17:47:36.136214  Список курсов
2022-09-17 18:06:05.705991  Load Index
2022-09-17 18:06:06.658111  Создание категории : GET
2022-09-17 18:06:11.678968  Создание категории : POST
2022-09-17 18:06:12.944634  Список курсов
2022-09-17 18:06:14.149813  Создание курса : GET
2022-09-17 18:06:16.258322  Создание курса : POST
2022-09-17 18:06:19.831456  Создание курса : GET
2022-09-17 18:06:24.611204  Создание курса : POST
2022-09-17 18:06:48.757788  Load Index
2022-09-17 18:06:49.798782  Создание категории : GET
2022-09-17 18:06:52.869464  Создание категории : POST
2022-09-17 18:06:54.230821  Список курсов
2022-09-17 18:06:55.417715  Создание курса : GET
2022-09-17 18:06:57.794621  Создание курса : POST
2022-09-17 18:06:58.883344  Создание курса : GET
2022-09-17 18:07:00.726606  Создание курса : POST
2022-09-17 18:09:04.788964  Load Index
2022-09-17 18:09:05.904617  Создание категории : GET
2022-09-17 18:09:08.183322  Создание категории : POST
2022-09-17 18:09:09.486080  Список курсов
2022-09-17 18:09:10.845686  Создание курса : GET
2022-09-17 18:09:12.902155  Создание курса : POST
2022-09-17 18:09:15.055259  Создание курса : GET
2022-09-17 18:09:17.595405  Создание курса : POST
2022-09-17 18:09:23.123100  Создание курса : GET
2022-09-17 18:09:26.969862  Создание курса : POST
2022-09-17 18:10:55.804113  Load Index
2022-09-17 18:10:57.209310  Создание категории : GET
2022-09-17 18:10:58.815215  Создание категории : POST
2022-09-17 18:11:00.420097  Список курсов
2022-09-17 18:11:01.330209  Создание курса : GET
2022-09-17 18:11:03.412839  Создание курса : POST
2022-09-17 18:11:04.772932  Создание курса : GET
2022-09-17 18:11:06.440308  Load Index
2022-09-17 18:11:07.356128  Список курсов
2022-09-17 18:11:08.149191  Создание курса : GET
2022-09-17 18:11:10.728576  Создание курса : POST
2022-09-17 18:11:17.801266  Создание курса : GET
2022-09-17 18:11:22.153054  Создание курса : POST
2022-09-17 18:15:13.737356  Load Index
2022-09-17 18:15:14.734269  Создание категории : GET
2022-09-17 18:15:17.003624  Создание категории : POST
2022-09-17 18:15:18.127540  Список курсов
2022-09-17 18:15:19.119001  Создание курса : GET
2022-09-17 18:15:21.945395  Создание курса : POST
2022-09-17 18:15:25.358918  Копирование курса
2022-09-17 18:15:29.497061  Копирование курса
2022-09-17 18:15:31.792946  Копирование курса
2022-09-17 18:15:46.992859  Копирование курса
2022-09-17 18:15:51.304541  Копирование курса
2022-09-17 18:16:00.602099  Копирование курса
2022-09-17 18:16:48.612498  Копирование курса
2022-09-17 18:17:03.120164  Копирование курса
2022-09-17 18:17:31.795357  Load Index
2022-09-17 18:17:33.573109  Создание категории : GET
2022-09-17 18:17:35.410256  Создание категории : POST
2022-09-17 18:17:36.193496  Создание категории : GET
2022-09-17 18:17:37.827931  Создание категории : POST
2022-09-17 18:17:39.127695  Список курсов
2022-09-17 18:17:40.226536  Создание курса : GET
2022-09-17 18:17:44.467286  Создание курса : POST
2022-09-17 18:17:45.530761  Создание курса : GET
2022-09-17 18:17:47.928777  Создание курса : POST
2022-09-17 18:17:50.708630  Копирование курса
2022-09-17 18:17:58.750242  Load Index
2022-09-17 18:17:59.775126  Список курсов
2022-09-17 18:18:00.743782  Создание курса : GET
2022-09-17 18:18:04.377841  Создание курса : POST
2022-09-17 18:18:07.639205  Load Index
2022-09-17 18:18:08.840838  Список курсов
2022-09-17 18:18:26.520460  Load Index
2022-09-17 18:18:27.854365  Список курсов
2022-09-17 18:18:28.871438  Load Index
2022-09-17 18:18:29.700390  Список курсов
2022-09-17 18:18:30.578626  Load Index
2022-09-17 18:23:29.151313  Список курсов
2022-09-17 18:23:30.517189  Создание курса : GET
2022-09-17 18:24:17.416269  Создание курса : GET
2022-09-17 18:24:38.321553  Создание курса : GET
2022-09-17 18:24:55.424190  Создание курса : GET
2022-09-17 18:26:23.150845  Создание курса : POST
2022-09-17 18:43:21.566288  Load Index
2022-09-17 18:43:22.614160  Создание категории : GET
2022-09-17 18:43:24.789637  Создание категории : POST
2022-09-17 18:43:26.280112  Список курсов
2022-09-17 18:43:27.478231  Создание курса : GET
2022-09-17 18:44:42.577798  Создание курса : POST
2022-09-17 18:45:07.103326  Load Index
2022-09-17 18:45:08.515878  Список курсов
2022-09-17 18:45:41.726771  Список курсов
2022-09-17 18:46:00.284877  Список курсов
2022-09-17 18:46:03.751707  Создание курса : GET
2022-09-17 18:46:06.226601  Load Index
2022-09-17 18:46:08.633146  Список курсов
2022-09-17 18:46:19.428897  Список курсов
2022-09-17 18:46:23.596405  Копирование курса
2022-09-17 18:46:26.207114  Load Index
2022-09-17 18:47:14.839685  Load Index
2022-09-17 18:47:15.890289  Создание категории : GET
2022-09-17 18:47:18.934371  Создание категории : POST
2022-09-17 18:47:19.986416  Список курсов
2022-09-17 18:47:21.090049  Создание курса : GET
2022-09-17 18:47:27.497995  Создание курса : POST
2022-09-17 18:47:43.903573  Создание курса : GET
2022-09-17 18:47:49.891656  Создание курса : POST
2022-09-17 18:47:52.961581  Создание курса : GET
2022-09-17 18:48:03.141589  Создание курса : POST
2022-09-17 18:48:55.882142  Load Index
2022-09-17 18:48:56.987736  Создание категории : GET
2022-09-17 18:48:59.430151  Создание категории : POST
2022-09-17 18:49:00.736611  Список курсов
2022-09-17 18:49:02.056075  Создание курса : GET
2022-09-17 18:49:07.699838  Создание курса : POST
2022-09-17 18:49:09.442076  Копирование курса
2022-09-17 18:49:10.300510  Создание курса : GET
2022-09-17 18:49:17.193169  Создание курса : POST
2022-09-17 18:49:19.226189  Копирование курса
2022-09-17 18:49:20.579042  Load Index
2022-09-17 18:49:21.771335  Создание категории : GET
2022-09-17 18:49:23.566324  Создание категории : POST
2022-09-17 18:49:25.787367  Список курсов
2022-09-17 18:49:29.064216  Load Index
2022-09-17 18:50:58.415816  Load Index
2022-09-17 18:50:59.792308  Создание категории : GET
2022-09-17 18:51:02.208652  Создание категории : POST
2022-09-17 18:51:04.391329  Список курсов
2022-09-17 18:51:05.732256  Создание курса : GET
2022-09-17 18:51:09.966662  Создание курса : POST
2022-09-17 18:51:11.782956  Копирование курса
2022-09-17 18:51:13.761563  Load Index
2022-09-17 18:51:15.620918  Список курсов
2022-09-17 18:51:17.203629  Копирование курса
2022-09-17 18:51:21.331094  Load Index
2022-09-17 18:52:14.918605  Load Index
2022-09-17 18:52:15.763016  Создание категории : GET
2022-09-17 18:52:17.618427  Создание категории : POST
2022-09-17 18:52:18.510854  Создание категории : GET
2022-09-17 18:52:20.393395  Load Index
2022-09-17 18:52:22.077535  Список курсов
2022-09-17 18:52:23.233924  Создание курса : GET
2022-09-17 18:52:27.861005  Создание курса : POST
2022-09-17 18:52:29.114782  Копирование курса
2022-09-17 18:52:30.886745  Копирование курса
2022-09-17 18:52:31.772609  Load Index
2022-09-17 18:52:34.222291  Список курсов
2022-09-17 18:52:35.180138  Копирование курса
2022-09-17 18:52:36.179832  Load Index
2022-09-17 18:52:37.262439  Список курсов
2022-09-17 18:52:38.348018  Копирование курса
2022-09-17 18:52:38.973695  Копирование курса
2022-09-17 18:52:40.073213  Load Index
2022-09-17 18:54:45.152383  Load Index
2022-09-17 18:54:46.316279  Список курсов
2022-09-17 18:54:47.345835  Копирование курса
2022-09-17 18:54:49.518687  Load Index
2022-09-17 18:54:51.020173  Список курсов
2022-09-17 18:54:52.005728  Копирование курса
2022-09-17 18:54:53.392789  Копирование курса
2022-09-17 18:54:53.716005  Копирование курса
2022-09-17 18:54:55.105372  Load Index
2022-09-17 18:54:56.314816  Список курсов
2022-09-17 18:54:57.439488  Копирование курса
2022-09-17 18:54:58.759040  Load Index
2022-09-17 18:55:00.187504  Список курсов
2022-09-17 18:55:01.148124  Копирование курса
2022-09-17 18:55:01.942949  Load Index
2022-09-17 18:55:03.137591  Список курсов
2022-09-17 18:55:07.024182  Копирование курса
2022-09-17 18:55:08.426601  Load Index
2022-09-17 18:56:27.343279  Load Index
2022-09-17 18:56:28.154923  Создание категории : GET
2022-09-17 18:56:30.184914  Создание категории : POST
2022-09-17 18:56:31.316846  Список курсов
2022-09-17 18:56:32.640759  Создание курса : GET
2022-09-17 18:56:36.676972  Создание курса : POST
2022-09-17 18:56:37.803021  Load Index
2022-09-17 18:56:38.824867  Список курсов
2022-09-17 18:56:39.641538  Копирование курса
2022-09-17 18:56:40.992580  Load Index
2022-09-17 18:56:42.159620  Список курсов
2022-09-17 18:56:43.500207  Копирование курса
2022-09-17 18:56:44.063544  Копирование курса
2022-09-17 18:56:44.987573  Load Index
2022-09-17 18:58:47.250150  Load Index
2022-09-17 18:58:47.973786  Создание категории : GET
2022-09-17 18:58:50.040408  Создание категории : POST
2022-09-17 18:58:51.483932  Список курсов
2022-09-17 18:58:52.437438  Создание курса : GET
2022-09-17 18:58:56.604584  Создание курса : POST
2022-09-17 18:58:58.008172  Копирование курса
2022-09-17 18:58:58.008753  count old 1
2022-09-17 18:58:58.009212  count new 1
2022-09-17 19:00:33.684443  Load Index
2022-09-17 19:00:34.672807  Создание категории : GET
2022-09-17 19:00:37.990470  Создание категории : POST
2022-09-17 19:01:08.921721  Список курсов
2022-09-17 19:01:09.936499  Создание курса : GET
2022-09-17 19:01:14.160201  Создание курса : POST
2022-09-17 19:01:15.815936  Копирование курса
2022-09-17 19:01:15.816055  count old 2
2022-09-17 19:01:15.816359  count new 3
2022-09-17 19:01:17.412214  Копирование курса
2022-09-17 19:01:17.412449  count old 3
2022-09-17 19:01:17.412848  count new 4
2022-09-17 19:01:18.731091  Копирование курса
2022-09-17 19:01:18.731296  count old 6
2022-09-17 19:01:18.731551  count new 7
2022-09-17 19:01:34.870232  Load Index
2022-09-17 19:01:36.273118  Список курсов
2022-09-17 19:01:39.889306  Копирование курса
2022-09-17 19:01:39.889520  count old 4
2022-09-17 19:01:39.889862  count new 5
2022-09-17 19:01:40.837888  Load Index
2022-09-17 19:02:20.066180  Список курсов
2022-09-17 19:02:22.254888  Копирование курса
2022-09-17 19:02:22.255063  count old 7
2022-09-17 19:02:22.255420  count new 8
2022-09-17 19:02:29.148619  Load Index
2022-09-17 19:02:30.718899  Список курсов
2022-09-17 19:02:58.576563  Копирование курса
2022-09-17 19:02:58.576722  count old 10
2022-09-17 19:02:58.577075  count new 11
2022-09-17 19:07:04.719087  Load Index
2022-09-17 19:07:05.752924  Создание категории : GET
2022-09-17 19:07:08.537048  Создание категории : POST
2022-09-17 19:07:09.978160  Список курсов
2022-09-17 19:07:11.150274  Создание курса : GET
2022-09-17 19:07:14.875380  Создание курса : POST
2022-09-17 19:07:15.956441  Load Index
2022-09-17 19:07:17.111635  Список курсов
2022-09-17 19:07:18.291682  Копирование курса
2022-09-17 19:07:18.291842  count old 1
2022-09-17 19:07:18.292217  count new 1
2022-09-17 19:07:19.323194  Load Index
2022-09-17 19:07:20.440591  Список курсов
2022-09-17 19:07:21.271064  Копирование курса
2022-09-17 19:07:21.271254  count old 2
2022-09-17 19:07:21.271486  count new 2
2022-09-17 19:07:22.625783  Load Index
2022-09-17 19:07:24.000014  Список курсов
2022-09-17 19:07:25.183864  Копирование курса
2022-09-17 19:07:25.183997  count old 3
2022-09-17 19:07:25.184238  count new 3
2022-09-17 19:07:26.271634  Load Index
2022-09-17 19:07:28.864794  Список курсов
2022-09-17 19:07:31.546037  Создание курса : GET
2022-09-17 19:07:37.277023  Создание курса : POST
2022-09-17 19:07:48.800162  Load Index
2022-09-17 19:09:22.684389  Load Index
2022-09-18 19:13:46.256786  Load Index
2022-09-18 19:21:59.959897  Load Index
2022-09-18 19:22:01.422773  Создание категории : GET
2022-09-18 19:22:03.432183  Load Index
2022-09-18 19:28:05.920366  Список категорий
2022-09-18 19:28:06.599614  Load Index
2022-09-18 19:28:07.796509  Создание категории : GET
2022-09-18 19:28:09.868709  Создание категории : POST
2022-09-18 19:28:11.426470  Список курсов
2022-09-18 19:28:12.593201  Создание курса : GET
2022-09-18 19:28:16.883735  Создание курса : POST
2022-09-18 19:28:19.944422  Создание курса : GET
2022-09-18 19:30:13.754487  Создание курса : GET
2022-09-18 19:30:20.922246  Load Index
2022-09-18 19:30:21.902145  Создание категории : GET
2022-09-18 19:30:23.934817  Создание категории : POST
2022-09-18 19:30:25.076081  Список курсов
2022-09-18 19:30:26.200144  Создание курса : GET
2022-09-18 19:31:10.062015  Создание курса : GET
2022-09-18 19:32:07.919875  Load Index
2022-09-18 19:32:42.374194  Load Index
2022-09-18 19:32:43.171009  Load Index
2022-09-18 19:32:43.382922  Load Index
2022-09-18 19:32:46.976073  Load Index
2022-09-18 19:32:48.942162  Список курсов
2022-09-18 19:33:36.173044  Создание категории : GET
2022-09-18 19:33:37.912787  Load Index
2022-09-18 19:33:38.778402  Список курсов
2022-09-18 19:33:40.027024  Создание курса : GET
2022-09-18 19:34:10.391091  Создание курса : GET
2022-09-18 19:34:34.325574  Создание курса : GET
2022-09-18 19:34:56.838799  Создание курса : GET
2022-09-18 19:35:16.217522  Создание курса : GET
2022-09-18 19:35:23.403025  Load Index
2022-09-18 19:35:25.569710  Создание категории : GET
2022-09-18 19:39:23.351875  Load Index
2022-09-18 19:39:26.004558  Создание категории : GET
2022-09-18 19:40:29.288751  Создание категории : GET
2022-09-18 19:40:36.112913  Создание категории : POST
2022-09-18 19:42:35.586422  Load Index
2022-09-18 19:42:36.379819  Создание категории : GET
2022-09-18 19:42:38.893782  Создание категории : POST
2022-09-18 19:42:46.055371  Список курсов
2022-09-18 19:43:18.683529  Список курсов
2022-09-18 19:44:11.036766  Load Index
2022-09-18 19:44:11.972759  Создание категории : GET
2022-09-18 19:44:14.017881  Создание категории : POST
2022-09-18 19:44:17.677067  Список курсов
2022-09-18 19:44:30.422849  Список курсов
2022-09-18 19:44:30.971840  Список курсов
2022-09-18 19:45:42.198839  Список курсов
2022-09-18 19:46:43.148431  Load Index
2022-09-18 19:48:18.617989  Load Index
2022-09-18 19:48:18.651011  Load Index
2022-09-18 19:48:29.232209  Load Index
2022-09-18 19:48:29.266724  Load Index
2022-09-18 19:48:49.755384  Load Index
2022-09-18 19:48:49.791487  Load Index
2022-09-18 19:48:50.326024  Load Index
2022-09-18 19:48:50.359145  Load Index
2022-09-18 19:48:50.552155  Load Index
2022-09-18 19:48:50.585405  Load Index
2022-09-18 19:48:51.086762  Load Index
2022-09-18 19:48:51.118873  Load Index
2022-09-18 19:49:04.802688  Load Index
2022-09-18 19:49:04.834412  Load Index
2022-09-18 19:49:05.279225  Load Index
2022-09-18 19:49:05.313596  Load Index
2022-09-18 19:49:05.672179  Load Index
2022-09-18 19:49:05.707949  Load Index
2022-09-18 19:49:54.697734  Load Index
2022-09-18 19:49:54.734618  Load Index
2022-09-18 19:49:55.489405  Создание категории : GET
2022-09-18 19:49:55.534176  Создание категории : GET
2022-09-18 19:49:57.988317  Создание категории : POST
2022-09-18 19:49:58.030349  Создание категории : GET
2022-09-18 19:50:02.306693  Создание категории : GET
2022-09-18 19:50:02.343543  Создание категории : GET
2022-09-18 19:50:17.746040  Создание категории : POST
2022-09-18 19:50:17.779957  Создание категории : GET
2022-09-18 19:50:19.534942  Создание категории : GET
2022-09-18 19:50:19.579489  Создание категории : GET
2022-09-18 19:55:43.385136  Создание категории : GET
2022-09-18 19:55:43.412523  Создание категории : GET
2022-09-18 19:57:06.964620  Создание категории : GET
2022-09-18 19:57:06.998944  Создание категории : GET
2022-09-19 14:03:48.498348  Load Index
2022-09-19 14:03:48.776231  Load Index
2022-09-19 14:03:55.721249  Создание категории : GET
2022-09-19 14:03:55.817663  Создание категории : GET
2022-09-19 14:04:05.173949  Создание категории : POST
2022-09-19 14:04:05.252468  Создание категории : GET
2022-09-19 14:05:11.074336  Создание категории : GET
2022-09-19 14:05:11.171294  Создание категории : GET
2022-09-19 14:08:25.835004  Создание категории : POST
2022-09-19 14:08:25.947335  Создание категории : GET
2022-09-19 14:15:52.728685  Load Index
2022-09-19 14:15:52.891913  Load Index
2022-09-19 14:15:53.622701  Создание категории : GET
2022-09-19 14:15:53.717752  Создание категории : GET
2022-09-19 14:15:58.911573  Создание категории : POST
2022-09-19 14:25:17.570581  Создание категории : GET
2022-09-19 14:25:19.978781  Создание категории : GET
2022-09-19 14:25:20.050851  Создание категории : GET
2022-09-19 14:25:46.549460  Создание категории : POST
2022-09-19 14:25:46.637634  Создание категории : GET
2022-09-19 14:25:53.746565  Создание категории : GET
2022-09-19 14:25:53.827911  Создание категории : GET
2022-09-19 14:25:59.082037  Создание категории : POST
2022-09-19 14:25:59.170641  Создание категории : GET
2022-09-19 14:26:06.927046  Load Index
2022-09-19 14:26:07.002196  Load Index
2022-09-19 14:29:15.287610  Load Index
2022-09-19 14:29:15.439719  Load Index
2022-09-19 14:29:16.235917  Создание категории : GET
2022-09-19 14:29:16.329979  Создание категории : GET
2022-09-19 14:29:19.238438  Создание категории : POST
2022-09-19 14:29:19.319529  Создание категории : GET
2022-09-19 14:29:25.745631  Load Index
2022-09-19 14:29:25.885591  Load Index
2022-09-19 14:29:32.324084  Load Index
2022-09-19 14:29:32.463427  Load Index
2022-09-19 14:29:50.326045  Load Index
2022-09-19 14:29:50.431617  Load Index
2022-09-19 14:29:51.986659  Создание категории : GET
2022-09-19 14:29:52.078341  Создание категории : GET
2022-09-19 14:29:55.088575  Создание категории : POST
2022-09-19 14:29:55.187491  Создание категории : GET
2022-09-19 14:29:58.536189  Load Index
2022-09-19 14:45:11.999731  Load Index
2022-09-19 14:45:12.117107  Load Index
2022-09-19 14:51:31.150121  Load Index
2022-09-19 14:51:31.248517  Load Index
2022-09-19 14:51:31.901835  Создание категории : GET
2022-09-19 14:51:31.991821  Создание категории : GET
2022-09-19 14:51:34.758459  Создание категории : POST
2022-09-19 14:51:34.836734  Создание категории : GET
2022-09-19 14:51:44.141932  Load Index
2022-09-19 14:51:44.228814  Load Index
2022-09-19 14:51:50.290468  Создание категории : GET
2022-09-19 14:51:50.375484  Создание категории : GET
2022-09-19 14:51:54.309809  Создание категории : POST
2022-09-19 14:51:54.392864  Создание категории : GET
2022-09-19 14:51:59.358483  Load Index
2022-09-19 14:51:59.433365  Load Index
2022-09-19 14:53:35.795502  Создание категории : GET
2022-09-19 14:53:35.891479  Создание категории : GET
2022-09-19 14:53:38.464577  Создание категории : POST
2022-09-19 14:53:38.548821  Создание категории : GET
2022-09-19 14:53:39.825430  Создание категории : GET
2022-09-19 14:53:39.900749  Создание категории : GET
2022-09-19 14:53:43.179946  Создание категории : POST
2022-09-19 14:53:43.264291  Создание категории : GET
2022-09-19 14:53:44.278649  Load Index
2022-09-19 14:53:44.361716  Load Index
2022-09-19 15:12:45.843148  Load Index
2022-09-19 15:12:45.926341  Load Index
2022-09-19 15:12:47.856619  Load Index
2022-09-19 15:12:47.915234  Load Index
2022-09-19 15:13:04.057460  Load Index
2022-09-19 15:13:04.151347  Load Index
2022-09-19 15:13:11.907542  Load Index
2022-09-19 15:13:11.966197  Load Index
2022-09-19 15:13:15.641313  Load Index
2022-09-19 15:13:15.701291  Load Index
2022-09-19 15:14:03.454127  Load Index
2022-09-19 15:14:03.551187  Load Index
2022-09-19 15:14:07.296147  Load Index
2022-09-19 15:14:07.371061  Load Index
2022-09-19 15:14:08.319157  Load Index
2022-09-19 15:14:08.415922  Load Index
2022-09-19 15:14:12.010742  Load Index
2022-09-19 15:14:12.084329  Load Index
2022-09-19 15:14:17.427151  Load Index
2022-09-19 15:14:17.567112  Load Index
2022-09-19 15:14:19.280806  Создание категории : GET
2022-09-19 15:14:19.382027  Создание категории : GET
2022-09-19 15:14:21.831308  Создание категории : POST
2022-09-19 15:14:21.910815  Создание категории : GET
2022-09-19 15:14:23.144824  Load Index
2022-09-19 15:14:23.233493  Load Index
2022-09-19 15:14:28.194349  Load Index
2022-09-19 15:14:28.253806  Load Index
2022-09-19 15:15:13.301517  Load Index
2022-09-19 15:15:13.391253  Load Index
2022-09-19 15:15:21.544916  Load Index
2022-09-19 15:15:21.608526  Load Index
2022-09-19 15:18:28.604710  Load Index
2022-09-19 15:18:28.687913  Load Index
2022-09-19 15:18:38.832246  Load Index
2022-09-19 15:18:38.891366  Load Index
2022-09-19 15:22:01.060439  Список курсов
2022-09-19 15:22:01.158455  Список курсов
2022-09-19 15:22:02.726732  Создание курса : GET
2022-09-19 15:22:02.815715  Создание курса : GET
2022-09-19 15:22:10.279967  Создание курса : POST
2022-09-19 15:22:10.375510  Создание курса : GET
2022-09-19 15:22:12.725138  Load Index
2022-09-19 15:22:12.815131  Load Index
2022-09-19 15:36:23.974052  Load Index
2022-09-19 15:36:24.062799  Load Index
2022-09-20 20:12:26.396811  Load Index
2022-09-20 20:12:26.493749  Load Index
2022-09-20 20:12:33.335220  Load Index
2022-09-20 20:12:33.377410  Load Index
2022-09-20 20:38:34.722447  Load Index
2022-09-20 20:38:34.768950  Load Index
2022-09-20 20:38:42.072501  Load Index
2022-09-20 20:40:28.261768  Load Index
2022-09-20 20:40:28.307301  Load Index
2022-09-20 20:40:32.891536  Load Index
2022-09-20 20:40:32.927188  Load Index
2022-09-20 20:42:47.817828  Load Index
2022-09-20 20:42:47.847576  Load Index
2022-09-20 20:53:08.583896  Load Index
2022-09-20 20:53:08.620881  Load Index
2022-09-20 20:54:18.199261  Load Index
2022-09-20 20:54:18.242844  Load Index
2022-09-20 20:55:27.111358  Load Index
2022-09-20 20:55:27.153012  Load Index
2022-09-20 21:38:02.844562  Load Index
2022-09-20 21:38:02.883797  Load Index
2022-09-20 21:38:38.308104  Load Index
2022-09-20 21:38:38.346536  Load Index
2022-09-20 21:38:58.953984  Load Index
2022-09-20 21:38:58.990563  Load Index
2022-09-20 21:39:15.321210  Создание категории : GET
2022-09-20 21:39:15.359731  Создание категории : GET
2022-09-20 21:44:15.969261  Load Index
2022-09-20 21:44:16.007489  Load Index
2022-09-20 21:52:07.421886  Load Index
2022-09-20 21:52:39.151435  Load Index
2022-09-20 21:52:39.186021  Load Index
2022-09-20 21:53:28.310458  Load Index
2022-09-20 21:53:28.351401  Load Index
2022-09-20 21:53:44.949958  Load Index
2022-09-20 21:53:44.987994  Load Index
2022-09-20 21:54:45.627513  Load Index
2022-09-20 21:54:45.666690  Load Index
2022-09-20 21:54:51.797834  Load Index
2022-09-20 21:54:51.837353  Load Index
2022-09-20 21:54:54.992308  Load Index
2022-09-20 21:54:55.026362  Load Index
2022-09-20 21:55:34.034897  Load Index
2022-09-20 21:55:34.079714  Load Index
2022-09-20 21:55:42.763049  Создание категории : GET
2022-09-20 21:55:42.810035  Создание категории : GET
2022-09-20 21:56:10.023618  Создание категории : GET
2022-09-20 21:56:10.060774  Создание категории : GET
2022-09-20 21:56:52.634759  Load Index
2022-09-20 21:56:52.689505  Load Index
2022-09-20 21:56:58.404491  Load Index
2022-09-20 21:57:25.163249  Load Index
2022-09-20 21:57:25.212051  Load Index
2022-09-20 21:57:29.789219  Load Index
2022-09-20 21:57:29.821952  Load Index
2022-09-20 22:05:37.680530  Load Index
2022-09-20 22:05:37.717282  Load Index
2022-09-20 22:05:40.272410  Создание категории : GET
2022-09-20 22:05:40.317950  Создание категории : GET
2022-09-20 22:05:48.140831  Создание категории : POST
2022-09-20 22:05:48.183240  Создание категории : GET
2022-09-20 22:05:51.693411  Создание категории : GET
2022-09-20 22:05:51.728088  Создание категории : GET
2022-09-20 22:05:58.331741  Создание категории : POST
2022-09-20 22:05:58.373168  Создание категории : GET
2022-09-20 22:06:03.731655  Load Index
2022-09-20 22:06:03.769679  Load Index
2022-09-20 22:10:14.463303  Список категорий
2022-09-20 22:10:14.507639  Список категорий
2022-09-20 22:10:53.881323  Список категорий
2022-09-20 22:10:53.934888  Список категорий
2022-09-20 22:11:00.457404  Load Index
2022-09-20 22:11:00.500810  Load Index
2022-09-20 22:33:45.755273  Список курсов
2022-09-20 22:33:45.804779  Список курсов
2022-09-20 22:33:46.859392  Создание курса : GET
2022-09-20 22:33:46.904734  Создание курса : GET
2022-09-20 22:33:52.540560  Создание курса : POST
2022-09-20 22:33:52.575160  Создание курса : GET
2022-09-20 22:35:35.924496  Load Index
2022-09-20 22:35:35.972107  Load Index
2022-09-20 22:35:39.885845  Load Index
2022-09-20 22:35:39.921380  Load Index
2022-09-20 22:35:42.941943  Список курсов
2022-09-20 22:35:42.986771  Список курсов
2022-09-20 22:35:44.158655  Создание курса : GET
2022-09-20 22:35:44.203298  Создание курса : GET
2022-09-20 22:35:48.249249  Создание курса : POST
2022-09-20 22:35:48.287541  Создание курса : GET
2022-09-20 22:35:50.932546  Load Index
2022-09-20 22:35:50.967931  Load Index
2022-09-20 22:35:55.594024  Список курсов
2022-09-20 22:35:55.643134  Список курсов
2022-09-20 22:35:56.556417  Создание курса : GET
2022-09-20 22:35:56.608124  Создание курса : GET
2022-09-20 22:36:00.287035  Создание курса : POST
2022-09-20 22:36:00.323575  Создание курса : GET
2022-09-20 22:36:01.636519  Load Index
2022-09-20 22:36:01.669419  Load Index
2022-09-20 22:36:12.597409  Список курсов
2022-09-20 22:36:12.647445  Список курсов
2022-09-20 22:36:13.990127  Копирование курса
2022-09-20 22:36:14.033348  Копирование курса
2022-09-20 22:36:21.267658  Load Index
2022-09-20 22:36:21.322116  Load Index
2022-09-20 22:36:33.597066  Список курсов
2022-09-20 22:36:33.646514  Список курсов
2022-09-20 22:37:35.860666  Load Index
2022-09-20 22:37:35.907348  Load Index
2022-09-20 22:37:37.782899  Список курсов
2022-09-20 22:37:37.825562  Список курсов
2022-09-20 22:37:42.601544  Список курсов
2022-09-20 22:37:42.648073  Список курсов
2022-09-20 22:37:45.679225  Список курсов
2022-09-20 22:37:45.720940  Список курсов
2022-09-20 22:37:49.188228  Список курсов
2022-09-20 22:37:49.232552  Список курсов
2022-09-20 22:37:50.303748  Копирование курса
2022-09-20 22:37:50.349475  Копирование курса
2022-09-20 22:37:54.656193  Load Index
2022-09-20 22:37:54.710767  Load Index
2022-09-20 22:37:57.985645  Список курсов
2022-09-20 22:37:58.027707  Список курсов
2022-09-20 22:38:05.750539  Load Index
2022-09-20 22:38:05.796785  Load Index
2022-09-20 22:46:38.196996  Load Index
2022-09-20 22:46:38.235201  Load Index
2022-09-20 22:46:39.608360  Список курсов
2022-09-20 22:46:39.645852  Список курсов
2022-09-20 22:46:40.662955  Создание курса : GET
2022-09-20 22:46:40.711831  Создание курса : GET
2022-09-20 22:46:44.093814  Создание курса : POST
2022-09-20 22:46:44.132686  Создание курса : GET
2022-09-20 22:46:46.151472  Load Index
2022-09-20 22:46:46.188414  Load Index
2022-09-20 22:46:55.298789  Список курсов
2022-09-20 22:46:55.343790  Список курсов
2022-09-20 22:46:56.592753  Создание курса : GET
2022-09-20 22:46:56.635039  Создание курса : GET
2022-09-20 22:47:00.368388  Создание курса : POST
2022-09-20 22:47:00.403905  Создание курса : GET
2022-09-20 22:47:01.897128  Load Index
2022-09-20 22:47:01.944803  Load Index
2022-09-20 22:47:10.109730  Список курсов
2022-09-20 22:47:10.150520  Список курсов
2022-09-20 22:47:11.396177  Создание курса : GET
2022-09-20 22:47:11.437626  Создание курса : GET
2022-09-20 22:47:15.963946  Создание курса : POST
2022-09-20 22:48:14.903785  Создание курса : GET
2022-09-20 22:48:16.926938  Создание курса : POST
2022-09-20 22:48:23.108048  Создание курса : GET
2022-09-20 22:48:25.550942  Создание курса : POST
2022-09-20 22:48:38.065070  Создание курса : GET
2022-09-20 22:48:40.619283  Load Index
2022-09-20 22:48:40.658407  Load Index
2022-09-20 22:48:47.194056  Список курсов
2022-09-20 22:48:47.238503  Список курсов
2022-09-20 22:48:48.846518  Создание курса : GET
2022-09-20 22:48:48.888013  Создание курса : GET
2022-09-20 22:48:54.110355  Создание курса : POST
2022-09-20 22:48:54.159194  Создание курса : GET
2022-09-20 22:48:55.924587  Load Index
2022-09-20 22:48:55.967352  Load Index
2022-09-20 22:48:57.163715  Список курсов
2022-09-20 22:48:57.206542  Список курсов
2022-09-20 22:48:59.020082  Создание курса : GET
2022-09-20 22:48:59.060237  Создание курса : GET
2022-09-20 22:49:03.618880  Создание курса : POST
2022-09-20 22:51:22.762866  Создание курса : GET
2022-09-20 22:51:29.218424  Load Index
2022-09-20 22:51:29.271878  Load Index
2022-09-20 22:51:30.401208  Список курсов
2022-09-20 22:51:30.455803  Список курсов
2022-09-20 22:51:32.029267  Создание курса : GET
2022-09-20 22:51:32.079421  Создание курса : GET
2022-09-20 22:51:36.751808  Создание курса : POST
2022-09-20 22:51:36.790600  Создание курса : GET
2022-09-20 22:51:38.759550  Load Index
2022-09-20 22:51:38.800290  Load Index
2022-09-20 22:51:41.823982  Список курсов
2022-09-20 22:51:41.870212  Список курсов
2022-09-20 22:55:02.830389  Load Index
2022-09-20 22:55:02.879485  Load Index
2022-09-20 22:55:04.344917  Список курсов
2022-09-20 22:55:04.389246  Список курсов
2022-09-20 22:55:05.321067  Создание курса : GET
2022-09-20 22:55:05.364437  Создание курса : GET
2022-09-20 22:55:09.298558  Создание курса : POST
2022-09-20 22:55:09.333664  Создание курса : GET
2022-09-20 22:55:10.270281  Load Index
2022-09-20 22:55:10.322666  Load Index
2022-09-20 22:55:11.810331  Список курсов
2022-09-20 22:55:11.852780  Список курсов
2022-09-20 22:55:13.438176  Копирование курса
2022-09-20 22:55:13.483849  Копирование курса
2022-09-20 22:55:16.441355  Load Index
2022-09-20 22:55:16.483489  Load Index
2022-09-20 22:55:29.240338  Load Index
2022-09-20 22:55:29.274476  Load Index
2022-09-20 22:55:35.902022  Список курсов
2022-09-20 22:55:35.950929  Список курсов
2022-09-20 22:55:42.816435  Load Index
2022-09-20 22:55:42.861344  Load Index
2022-09-20 22:55:47.082645  Список курсов
2022-09-20 22:55:47.127509  Список курсов
2022-09-20 22:55:49.411686  Копирование курса
2022-09-20 22:55:49.456754  Копирование курса
2022-09-20 22:55:58.311469  Load Index
2022-09-20 22:55:58.353376  Load Index
2022-09-20 22:56:00.463285  Список курсов
2022-09-20 22:56:00.508272  Список курсов
2022-09-20 22:56:09.185170  Load Index
2022-09-20 22:56:09.250122  Load Index
2022-09-20 22:56:12.087302  Список курсов
2022-09-20 22:56:12.140780  Список курсов
2022-09-20 22:56:13.320281  Создание курса : GET
2022-09-20 22:56:13.367181  Создание курса : GET
2022-09-20 22:56:17.169104  Создание курса : POST
2022-09-20 22:56:17.203049  Создание курса : GET
2022-09-20 22:56:18.782931  Load Index
2022-09-20 22:56:18.824210  Load Index
2022-09-20 22:56:23.861869  Список курсов
2022-09-20 22:56:23.902828  Список курсов
2022-09-20 22:56:28.888091  Список курсов
2022-09-20 22:56:28.932769  Список курсов
2022-09-20 22:56:35.181363  Load Index
2022-09-20 22:56:35.232758  Load Index
2022-09-20 22:56:45.853298  Список курсов
2022-09-20 22:56:45.902772  Список курсов
2022-09-20 22:56:49.901689  Список курсов
2022-09-20 22:56:49.942313  Список курсов
2022-09-20 22:56:52.256637  Копирование курса
2022-09-20 22:56:52.305070  Копирование курса
2022-09-20 22:57:24.964722  Load Index
2022-09-20 22:57:25.013974  Load Index
2022-09-20 22:57:28.511340  Список курсов
2022-09-20 22:57:28.554233  Список курсов
2022-09-20 22:57:32.668273  Load Index
2022-09-20 22:57:32.711582  Load Index
2022-09-20 22:57:36.911231  Список курсов
2022-09-20 22:57:36.953122  Список курсов
2022-09-20 22:57:38.886495  Load Index
2022-09-20 22:57:38.933432  Load Index
2022-09-20 22:58:14.725158  Load Index
2022-09-20 22:58:14.768004  Load Index
2022-09-20 22:58:23.577214  Load Index
2022-09-20 22:58:23.612330  Load Index
2022-09-20 22:58:25.383260  Список курсов
2022-09-20 22:58:25.428645  Список курсов
2022-09-20 22:58:27.436202  Создание курса : GET
2022-09-20 22:58:27.473345  Создание курса : GET
2022-09-20 22:58:30.269124  Создание курса : POST
2022-09-20 22:58:30.295895  Создание курса : GET
2022-09-20 22:58:33.155949  Load Index
2022-09-20 22:58:33.202875  Load Index
2022-09-20 22:58:36.880000  Список курсов
2022-09-20 22:58:36.921261  Список курсов
2022-09-20 22:58:40.120164  Копирование курса
2022-09-20 22:58:40.160577  Копирование курса
2022-09-20 22:58:43.491979  Load Index
2022-09-20 22:58:43.533730  Load Index
2022-09-20 22:58:45.555952  Список курсов
2022-09-20 22:58:45.603122  Список курсов
2022-09-20 22:59:35.804754  Load Index
2022-09-20 22:59:35.850864  Load Index
2022-09-20 22:59:39.389760  Список курсов
2022-09-20 22:59:39.431725  Список курсов
2022-09-20 22:59:40.433543  Load Index
2022-09-20 22:59:40.472987  Load Index
2022-09-20 22:59:46.918987  Список курсов
2022-09-20 22:59:46.966051  Список курсов
2022-09-20 23:02:58.576403  Список категорий
2022-09-20 23:02:58.621437  Список категорий
2022-09-20 23:02:59.436010  Load Index
2022-09-20 23:02:59.477644  Load Index
2022-09-20 23:03:03.108432  Список курсов
2022-09-20 23:03:03.153635  Список курсов
2022-09-20 23:03:22.237321  Load Index
2022-09-20 23:03:22.282662  Load Index
2022-09-20 23:03:24.553693  Список курсов
2022-09-20 23:03:24.598979  Список курсов
2022-09-20 23:03:29.270998  Создание курса : GET
2022-09-20 23:03:29.314841  Создание курса : GET
2022-09-20 23:03:33.942437  Создание курса : GET
2022-09-20 23:03:33.970692  Создание курса : GET
2022-09-20 23:03:42.682870  Создание курса : POST
2022-09-20 23:03:42.717381  Создание курса : GET
2022-09-20 23:03:50.251945  Load Index
2022-09-20 23:03:50.291207  Load Index
2022-09-20 23:03:53.513829  Список курсов
2022-09-20 23:03:53.557274  Список курсов
2022-09-20 23:04:04.253139  Список курсов
2022-09-20 23:04:04.291707  Список курсов
2022-09-20 23:04:41.312214  Load Index
2022-09-20 23:04:41.358456  Load Index
2022-09-20 23:04:42.730411  Список курсов
2022-09-20 23:05:17.588608  Список курсов
2022-09-20 23:05:17.637834  Список курсов
2022-09-20 23:05:19.647104  Создание курса : GET
2022-09-20 23:05:19.690917  Создание курса : GET
2022-09-20 23:05:24.331876  Создание курса : POST
2022-09-20 23:05:24.370733  Создание курса : GET
2022-09-20 23:05:26.552041  Load Index
2022-09-20 23:05:26.591924  Load Index
2022-09-20 23:05:30.327418  Список курсов
2022-09-20 23:05:30.370684  Список курсов
2022-09-20 23:05:45.494896  Список курсов
2022-09-20 23:05:45.533592  Список курсов
2022-09-20 23:06:00.174106  Список курсов
2022-09-20 23:06:00.220274  Список курсов
2022-09-20 23:06:03.558378  Список курсов
2022-09-20 23:06:03.575584  Список курсов
2022-09-20 23:06:11.264148  Список курсов
2022-09-20 23:06:11.283400  Список курсов
2022-09-20 23:06:20.457165  Список курсов
2022-09-20 23:06:20.477872  Список курсов
2022-09-20 23:06:32.103687  Копирование курса
2022-09-20 23:06:32.126483  Копирование курса
2022-09-20 23:06:38.918076  Load Index
2022-09-20 23:06:38.942604  Load Index
2022-09-20 23:06:43.065698  Список курсов
2022-09-20 23:06:43.087529  Список курсов
2022-09-20 23:07:00.768063  Список курсов
2022-09-20 23:07:00.783578  Список курсов
2022-09-20 23:07:35.136663  Список категорий
2022-09-20 23:07:35.188564  Список категорий
2022-09-20 23:07:38.782726  Список категорий
2022-09-20 23:07:38.814722  Список категорий
2022-09-20 23:07:50.763784  Load Index
2022-09-20 23:07:50.811440  Load Index
2022-09-20 23:08:25.650789  Load Index
2022-09-20 23:08:25.697564  Load Index
2022-09-20 23:08:27.146645  Список курсов
2022-09-20 23:08:27.196867  Список курсов
2022-09-20 23:08:28.103959  Создание курса : GET
2022-09-20 23:08:28.150647  Создание курса : GET
2022-09-20 23:08:32.359321  Создание курса : POST
2022-09-20 23:08:32.396459  Создание курса : GET
2022-09-20 23:08:34.228905  Load Index
2022-09-20 23:08:34.270713  Load Index
2022-09-20 23:08:35.523741  Список курсов
2022-09-20 23:08:35.567964  Список курсов
2022-09-20 23:08:42.263736  Копирование курса
2022-09-20 23:08:42.303600  Копирование курса
2022-09-20 23:09:05.265819  Load Index
2022-09-20 23:09:05.316035  Load Index
2022-09-20 23:09:06.889042  Список курсов
2022-09-20 23:09:06.932181  Список курсов
2022-09-20 23:09:12.539479  Load Index
2022-09-20 23:09:12.587017  Load Index
2022-09-20 23:09:15.193962  Список курсов
2022-09-20 23:09:15.232702  Список курсов
2022-09-20 23:09:18.431928  Копирование курса
2022-09-20 23:09:18.476249  Копирование курса
2022-09-20 23:09:22.095902  Load Index
2022-09-20 23:09:22.140849  Load Index
2022-09-20 23:09:25.167907  Список курсов
2022-09-20 23:09:25.211125  Список курсов
2022-09-20 23:09:29.119734  Load Index
2022-09-20 23:09:29.166780  Load Index
2022-09-20 23:09:30.962845  Список курсов
2022-09-20 23:09:31.002985  Список курсов
2022-09-20 23:09:31.842441  Создание курса : GET
2022-09-20 23:09:31.884511  Создание курса : GET
2022-09-20 23:09:35.166590  Создание курса : POST
2022-09-20 23:09:35.209816  Создание курса : GET
2022-09-20 23:09:36.226960  Load Index
2022-09-20 23:09:36.266287  Load Index
2022-09-20 23:09:48.262674  Список курсов
2022-09-20 23:09:48.311524  Список курсов
2022-09-20 23:09:58.358112  Список курсов
2022-09-20 23:09:58.404839  Список курсов
2022-09-20 23:10:26.333276  Load Index
2022-09-20 23:10:26.380025  Load Index
2022-09-20 23:10:54.042937  Список категорий
2022-09-20 23:10:54.093434  Список категорий
2022-09-20 23:10:54.729576  Load Index
2022-09-20 23:10:54.769111  Load Index
2022-09-21 10:56:29.653924  Load Index
2022-09-21 10:56:29.868970  Load Index
2022-09-21 10:56:33.219369  Список категорий
2022-09-21 10:56:33.308204  Список категорий
2022-09-21 10:56:38.719923  Load Index
2022-09-21 10:56:38.801299  Load Index
2022-09-21 10:56:49.564825  Список курсов
2022-09-21 10:56:49.647947  Список курсов
2022-09-21 10:56:50.781338  Создание курса : GET
2022-09-21 10:56:50.854744  Создание курса : GET
2022-09-21 10:56:55.987798  Создание курса : POST
2022-09-21 10:56:56.076945  Создание курса : GET
2022-09-21 10:56:58.482492  Load Index
2022-09-21 10:56:58.555403  Load Index
2022-09-21 10:57:03.716125  Список курсов
2022-09-21 10:57:03.802177  Список курсов
2022-09-21 10:57:05.327905  Load Index
2022-09-21 10:57:05.414434  Load Index
2022-09-21 10:57:16.200654  Список курсов
2022-09-21 10:57:16.315466  Список курсов
2022-09-21 10:57:18.615056  Создание курса : GET
2022-09-21 10:57:18.696591  Создание курса : GET
2022-09-21 10:57:23.639847  Создание курса : POST
2022-09-21 10:57:23.718849  Создание курса : GET
2022-09-21 10:57:24.969943  Load Index
2022-09-21 10:57:25.034470  Load Index
2022-09-21 11:09:40.636685  Load Index
2022-09-21 11:09:40.716795  Load Index
2022-09-21 11:09:50.623018  Список курсов
2022-09-21 11:09:50.706025  Список курсов
2022-09-21 11:09:51.911005  Создание курса : GET
2022-09-21 11:09:52.017185  Создание курса : GET
2022-09-21 11:09:55.873690  Создание курса : POST
2022-09-21 11:09:55.968152  Создание курса : GET
2022-09-21 11:10:28.306009  Load Index
2022-09-21 11:10:28.397222  Load Index
2022-09-21 11:11:38.386687  Load Index
2022-09-21 11:32:10.568298  Load Index
2022-09-21 11:32:11.973567  Список курсов
2022-09-21 11:32:13.160758  Создание курса : GET
2022-09-21 11:32:16.628685  Создание курса : POST
2022-09-21 11:32:18.337053  Load Index
2022-09-21 11:32:23.620114  Список курсов
2022-09-21 11:32:24.683125  Создание курса : GET
2022-09-21 11:32:27.407028  Создание курса : POST
2022-09-21 11:32:28.184621  Load Index
2022-09-21 11:32:31.744007  Список курсов
2022-09-21 11:32:33.741593  Создание курса : GET
2022-09-21 11:32:37.540496  Создание курса : POST
2022-09-21 11:32:38.458247  Load Index
2022-09-21 11:32:43.042128  Список курсов
2022-09-21 11:32:48.974265  Список курсов
2022-09-21 11:32:50.672046  Копирование курса
2022-09-21 11:32:57.790774  Load Index
2022-09-21 11:33:02.939863  Список курсов
2022-09-21 11:33:07.534084  Load Index
2022-09-21 11:33:14.760710  Список курсов
2022-09-21 11:33:16.356407  Load Index
2022-09-21 11:33:17.536985  Список курсов
2022-09-21 11:33:21.369769  Копирование курса
2022-09-21 11:33:53.023690  Load Index
2022-09-21 11:33:54.907591  Список курсов
2022-09-21 11:39:01.638591  Load Index
2022-09-21 11:39:03.591857  Список курсов
2022-09-21 11:39:04.908292  Создание курса : GET
2022-09-21 11:39:09.679888  Создание курса : POST
2022-09-21 11:39:11.556448  Load Index
2022-09-21 11:39:16.042986  Список курсов
2022-09-21 11:39:17.756668  Копирование курса
2022-09-21 11:39:28.745743  Load Index
2022-09-21 11:39:31.694116  Список курсов
2022-09-21 11:39:57.272752  Load Index
2022-09-21 11:39:59.043441  Список курсов
2022-09-21 11:40:00.033018  Создание курса : GET
2022-09-21 11:40:04.161687  Создание курса : POST
2022-09-21 11:40:06.443700  Load Index
2022-09-21 11:40:08.207766  Список курсов
2022-09-21 11:40:09.596716  Копирование курса
2022-09-21 11:40:13.461212  Load Index
